[23:52:46] [main/INFO]: Loading Minecraft 1.16.5 with Fabric Loader 0.16.3
[23:52:46] [main/INFO]: Loading 4 mods:
	- fabricloader 0.16.3
	   \-- mixinextras 0.4.1
	- java 11
	- minecraft 1.16.5
[23:52:47] [main/INFO]: SpongePowered MIXIN Subsystem Version=0.8.7 Source=file:/workspaces/testsv/servidor_minecraft/libraries/net/fabricmc/sponge-mixin/0.15.2+mixin.0.8.7/sponge-mixin-0.15.2+mixin.0.8.7.jar Service=Knot/Fabric Env=SERVER
[23:52:56] [main/INFO]: Environment: authHost='https://authserver.mojang.com', accountsHost='https://api.mojang.com', sessionHost='https://sessionserver.mojang.com', servicesHost='https://api.minecraftservices.com', name='PROD'
[23:52:58] [main/WARN]: Ambiguity between arguments [teleport, destination] and [teleport, targets] with inputs: [Player, 0123, @e, dd12be42-52a9-4a91-a8a1-11c01849e498]
[23:52:58] [main/WARN]: Ambiguity between arguments [teleport, location] and [teleport, destination] with inputs: [0.1 -0.5 .9, 0 0 0]
[23:52:58] [main/WARN]: Ambiguity between arguments [teleport, location] and [teleport, targets] with inputs: [0.1 -0.5 .9, 0 0 0]
[23:52:58] [main/WARN]: Ambiguity between arguments [teleport, targets] and [teleport, destination] with inputs: [Player, 0123, dd12be42-52a9-4a91-a8a1-11c01849e498]
[23:52:58] [main/WARN]: Ambiguity between arguments [teleport, targets, location] and [teleport, targets, destination] with inputs: [0.1 -0.5 .9, 0 0 0]
[23:52:58] [main/INFO]: Reloading ResourceManager: Default, OnePlayerSleepV3_1.zip
[23:53:00] [Worker-Main-2/INFO]: Loaded 7 recipes
[23:53:01] [Worker-Main-2/INFO]: Loaded 927 advancements
[23:53:05] [Server thread/INFO]: Starting minecraft server version 1.16.5
[23:53:05] [Server thread/INFO]: Loading properties
[23:53:05] [Server thread/WARN]: Invalid sha1 for ressource-pack-sha1
[23:53:05] [Server thread/INFO]: Default game type: SURVIVAL
[23:53:05] [Server thread/INFO]: Generating keypair
[23:53:06] [Server thread/INFO]: Starting Minecraft server on *:25565
[23:53:06] [Server thread/INFO]: Using epoll channel type
[23:53:06] [Server thread/WARN]: **** SERVER IS RUNNING IN OFFLINE/INSECURE MODE!
[23:53:06] [Server thread/WARN]: The server will make no attempt to authenticate usernames. Beware.
[23:53:06] [Server thread/WARN]: While this makes the game possible to play without internet access, it also opens up the ability for hackers to connect with any username they choose.
[23:53:06] [Server thread/WARN]: To change this, set "online-mode" to "true" in the server.properties file.
[23:53:06] [Server thread/INFO]: Preparing level "world"
[23:53:07] [Server thread/INFO]: Preparing start region for dimension minecraft:overworld
[23:53:10] [Server thread/INFO]: Preparing spawn area: 0%
[23:53:10] [Server thread/INFO]: Preparing spawn area: 0%
[23:53:10] [Server thread/INFO]: Preparing spawn area: 0%
[23:53:10] [Server thread/INFO]: Preparing spawn area: 0%
[23:53:10] [Server thread/INFO]: Preparing spawn area: 0%
[23:53:10] [Server thread/INFO]: Preparing spawn area: 0%
[23:53:10] [Server thread/INFO]: Preparing spawn area: 0%
[23:53:10] [Worker-Main-2/INFO]: Preparing spawn area: 0%
[23:53:11] [Server thread/INFO]: Preparing spawn area: 58%
[23:53:11] [Server thread/INFO]: Time elapsed: 4545 ms
[23:53:11] [Server thread/INFO]: Done (4.854s)! For help, type "help"
[23:53:16] [Server thread/INFO]: Och8Z[/127.27.2.94:38373] logged in with entity id 107 at (-58.48750001192093, 177.0, 825.600989818882)
[23:53:16] [Server thread/INFO]: Och8Z joined the game
[23:53:20] [Server thread/WARN]: Can't keep up! Is the server overloaded? Running 2014ms or 40 ticks behind
[23:53:47] [Server thread/INFO]: [Och8Z: The difficulty has been set to Peaceful]
[23:53:49] [Server thread/WARN]: Can't keep up! Is the server overloaded? Running 14199ms or 283 ticks behind
[23:53:59] [Server thread/INFO]: [Och8Z: The difficulty has been set to Hard]
[23:54:07] [Server thread/WARN]: Can't keep up! Is the server overloaded? Running 2027ms or 40 ticks behind
[23:54:11] [Server thread/INFO]: [Och8Z: Set own game mode to Creative Mode]
[23:55:21] [Server thread/INFO]: Villager class_1646['Villager'/402, l='ServerLevel[world]', x=-73.46, y=137.56, z=694.52] died, message: 'Villager was slain by Zombie'
[23:57:02] [Server thread/INFO]: [Och8Z: Set own game mode to Survival Mode]
